mode: set
github.com/YoloWingPixie/calendar-api/src/auth.go:30.48,32.2 1 0
github.com/YoloWingPixie/calendar-api/src/auth.go:35.68,51.26 4 0
github.com/YoloWingPixie/calendar-api/src/auth.go:51.26,53.3 1 0
github.com/YoloWingPixie/calendar-api/src/auth.go:54.2,54.16 1 0
github.com/YoloWingPixie/calendar-api/src/auth.go:54.16,56.3 1 0
github.com/YoloWingPixie/calendar-api/src/auth.go:58.2,58.19 1 0
github.com/YoloWingPixie/calendar-api/src/auth.go:62.72,78.26 4 0
github.com/YoloWingPixie/calendar-api/src/auth.go:78.26,80.3 1 0
github.com/YoloWingPixie/calendar-api/src/auth.go:81.2,81.16 1 0
github.com/YoloWingPixie/calendar-api/src/auth.go:81.16,83.3 1 0
github.com/YoloWingPixie/calendar-api/src/auth.go:85.2,85.19 1 0
github.com/YoloWingPixie/calendar-api/src/auth.go:89.51,108.16 6 0
github.com/YoloWingPixie/calendar-api/src/auth.go:108.16,110.3 1 0
github.com/YoloWingPixie/calendar-api/src/auth.go:112.2,112.12 1 0
github.com/YoloWingPixie/calendar-api/src/auth.go:122.82,127.2 1 0
github.com/YoloWingPixie/calendar-api/src/auth.go:130.72,131.71 1 0
github.com/YoloWingPixie/calendar-api/src/auth.go:131.71,133.19 2 0
github.com/YoloWingPixie/calendar-api/src/auth.go:133.19,137.4 3 0
github.com/YoloWingPixie/calendar-api/src/auth.go:140.3,140.79 1 0
github.com/YoloWingPixie/calendar-api/src/auth.go:140.79,151.4 5 0
github.com/YoloWingPixie/calendar-api/src/auth.go:154.3,155.17 2 0
github.com/YoloWingPixie/calendar-api/src/auth.go:155.17,159.4 3 0
github.com/YoloWingPixie/calendar-api/src/auth.go:161.3,161.18 1 0
github.com/YoloWingPixie/calendar-api/src/auth.go:161.18,165.4 3 0
github.com/YoloWingPixie/calendar-api/src/auth.go:167.3,171.23 3 0
github.com/YoloWingPixie/calendar-api/src/auth.go:176.54,177.38 1 0
github.com/YoloWingPixie/calendar-api/src/auth.go:177.38,180.3 2 0
github.com/YoloWingPixie/calendar-api/src/auth.go:182.2,186.16 3 0
github.com/YoloWingPixie/calendar-api/src/auth.go:186.16,188.3 1 0
github.com/YoloWingPixie/calendar-api/src/auth.go:190.2,190.25 1 0
github.com/YoloWingPixie/calendar-api/src/auth.go:190.25,192.56 1 0
github.com/YoloWingPixie/calendar-api/src/auth.go:192.56,196.4 1 0
github.com/YoloWingPixie/calendar-api/src/auth.go:197.3,198.13 2 0
github.com/YoloWingPixie/calendar-api/src/auth.go:202.2,207.53 2 0
github.com/YoloWingPixie/calendar-api/src/auth.go:207.53,209.3 1 0
github.com/YoloWingPixie/calendar-api/src/auth.go:211.2,212.12 2 0
github.com/YoloWingPixie/calendar-api/src/auth.go:222.64,224.2 1 1
github.com/YoloWingPixie/calendar-api/src/auth.go:227.49,230.2 2 0
github.com/YoloWingPixie/calendar-api/src/auth.go:233.80,240.2 2 1
github.com/YoloWingPixie/calendar-api/src/auth.go:243.72,246.56 3 1
github.com/YoloWingPixie/calendar-api/src/auth.go:246.56,248.3 1 0
github.com/YoloWingPixie/calendar-api/src/config.go:36.36,40.56 2 0
github.com/YoloWingPixie/calendar-api/src/config.go:40.56,42.3 1 0
github.com/YoloWingPixie/calendar-api/src/config.go:45.2,48.42 2 0
github.com/YoloWingPixie/calendar-api/src/config.go:48.42,50.3 1 0
github.com/YoloWingPixie/calendar-api/src/config.go:53.2,55.20 2 0
github.com/YoloWingPixie/calendar-api/src/config.go:59.49,61.23 2 0
github.com/YoloWingPixie/calendar-api/src/config.go:61.23,63.3 1 0
github.com/YoloWingPixie/calendar-api/src/config.go:65.2,68.70 3 0
github.com/YoloWingPixie/calendar-api/src/config.go:68.70,70.3 1 0
github.com/YoloWingPixie/calendar-api/src/config.go:73.2,94.12 17 0
github.com/YoloWingPixie/calendar-api/src/config.go:98.32,102.18 2 0
github.com/YoloWingPixie/calendar-api/src/config.go:102.18,104.3 1 0
github.com/YoloWingPixie/calendar-api/src/config.go:105.2,105.18 1 0
github.com/YoloWingPixie/calendar-api/src/config.go:105.18,107.3 1 0
github.com/YoloWingPixie/calendar-api/src/config.go:110.2,110.20 1 0
github.com/YoloWingPixie/calendar-api/src/config.go:110.20,112.3 1 0
github.com/YoloWingPixie/calendar-api/src/config.go:113.2,113.20 1 0
github.com/YoloWingPixie/calendar-api/src/config.go:113.20,115.3 1 0
github.com/YoloWingPixie/calendar-api/src/config.go:116.2,116.20 1 0
github.com/YoloWingPixie/calendar-api/src/config.go:116.20,118.3 1 0
github.com/YoloWingPixie/calendar-api/src/config.go:119.2,119.24 1 0
github.com/YoloWingPixie/calendar-api/src/config.go:119.24,121.3 1 0
github.com/YoloWingPixie/calendar-api/src/config.go:122.2,122.20 1 0
github.com/YoloWingPixie/calendar-api/src/config.go:122.20,124.3 1 0
github.com/YoloWingPixie/calendar-api/src/config.go:125.2,125.23 1 0
github.com/YoloWingPixie/calendar-api/src/config.go:125.23,127.3 1 0
github.com/YoloWingPixie/calendar-api/src/config.go:130.2,130.14 1 0
github.com/YoloWingPixie/calendar-api/src/config.go:130.14,132.3 1 0
github.com/YoloWingPixie/calendar-api/src/config.go:133.2,133.31 1 0
github.com/YoloWingPixie/calendar-api/src/config.go:133.31,135.3 1 0
github.com/YoloWingPixie/calendar-api/src/config.go:136.2,136.26 1 0
github.com/YoloWingPixie/calendar-api/src/config.go:136.26,138.3 1 0
github.com/YoloWingPixie/calendar-api/src/config.go:139.2,139.25 1 0
github.com/YoloWingPixie/calendar-api/src/config.go:139.25,141.3 1 0
github.com/YoloWingPixie/calendar-api/src/config.go:145.35,146.20 1 0
github.com/YoloWingPixie/calendar-api/src/config.go:146.20,148.3 1 0
github.com/YoloWingPixie/calendar-api/src/config.go:149.2,149.20 1 0
github.com/YoloWingPixie/calendar-api/src/config.go:149.20,151.3 1 0
github.com/YoloWingPixie/calendar-api/src/config.go:152.2,152.20 1 0
github.com/YoloWingPixie/calendar-api/src/config.go:152.20,154.3 1 0
github.com/YoloWingPixie/calendar-api/src/config.go:156.2,156.12 1 0
github.com/YoloWingPixie/calendar-api/src/config.go:160.30,172.31 11 0
github.com/YoloWingPixie/calendar-api/src/config.go:172.31,174.3 1 0
github.com/YoloWingPixie/calendar-api/src/config.go:176.2,176.28 1 0
github.com/YoloWingPixie/calendar-api/src/config.go:176.28,180.3 3 0
github.com/YoloWingPixie/calendar-api/src/config.go:185.92,186.33 1 0
github.com/YoloWingPixie/calendar-api/src/config.go:186.33,187.34 1 0
github.com/YoloWingPixie/calendar-api/src/config.go:187.34,189.4 1 0
github.com/YoloWingPixie/calendar-api/src/config.go:191.2,191.21 1 0
github.com/YoloWingPixie/calendar-api/src/config.go:194.93,195.33 1 0
github.com/YoloWingPixie/calendar-api/src/config.go:195.33,196.34 1 0
github.com/YoloWingPixie/calendar-api/src/config.go:196.34,197.57 1 0
github.com/YoloWingPixie/calendar-api/src/config.go:197.57,199.5 1 0
github.com/YoloWingPixie/calendar-api/src/config.go:202.2,202.21 1 0
github.com/YoloWingPixie/calendar-api/src/config.go:205.46,206.42 1 0
github.com/YoloWingPixie/calendar-api/src/config.go:206.42,208.3 1 0
github.com/YoloWingPixie/calendar-api/src/config.go:209.2,209.21 1 0
github.com/YoloWingPixie/calendar-api/src/database.go:18.41,27.16 4 0
github.com/YoloWingPixie/calendar-api/src/database.go:27.16,29.3 1 0
github.com/YoloWingPixie/calendar-api/src/database.go:32.2,37.34 4 0
github.com/YoloWingPixie/calendar-api/src/database.go:37.34,39.3 1 0
github.com/YoloWingPixie/calendar-api/src/database.go:41.2,41.21 1 0
github.com/YoloWingPixie/calendar-api/src/database.go:48.29,50.2 1 0
github.com/YoloWingPixie/calendar-api/src/handlers.go:21.67,26.2 1 1
github.com/YoloWingPixie/calendar-api/src/handlers.go:29.75,31.15 2 1
github.com/YoloWingPixie/calendar-api/src/handlers.go:31.15,33.3 1 1
github.com/YoloWingPixie/calendar-api/src/handlers.go:35.2,36.16 2 1
github.com/YoloWingPixie/calendar-api/src/handlers.go:36.16,39.3 2 0
github.com/YoloWingPixie/calendar-api/src/handlers.go:41.2,46.44 2 1
github.com/YoloWingPixie/calendar-api/src/handlers.go:50.73,52.15 2 1
github.com/YoloWingPixie/calendar-api/src/handlers.go:52.15,54.3 1 1
github.com/YoloWingPixie/calendar-api/src/handlers.go:56.2,60.16 4 1
github.com/YoloWingPixie/calendar-api/src/handlers.go:60.16,63.3 2 0
github.com/YoloWingPixie/calendar-api/src/handlers.go:65.2,65.18 1 1
github.com/YoloWingPixie/calendar-api/src/handlers.go:65.18,68.3 2 1
github.com/YoloWingPixie/calendar-api/src/handlers.go:70.2,70.41 1 1
github.com/YoloWingPixie/calendar-api/src/handlers.go:74.38,82.2 6 1
github.com/YoloWingPixie/calendar-api/src/handlers.go:85.76,87.15 2 1
github.com/YoloWingPixie/calendar-api/src/handlers.go:87.15,89.3 1 1
github.com/YoloWingPixie/calendar-api/src/handlers.go:91.2,92.61 2 1
github.com/YoloWingPixie/calendar-api/src/handlers.go:92.61,95.3 2 0
github.com/YoloWingPixie/calendar-api/src/handlers.go:98.2,98.48 1 1
github.com/YoloWingPixie/calendar-api/src/handlers.go:98.48,101.3 2 1
github.com/YoloWingPixie/calendar-api/src/handlers.go:104.2,105.28 2 1
github.com/YoloWingPixie/calendar-api/src/handlers.go:105.28,108.3 2 1
github.com/YoloWingPixie/calendar-api/src/handlers.go:111.2,112.16 2 1
github.com/YoloWingPixie/calendar-api/src/handlers.go:112.16,115.3 2 0
github.com/YoloWingPixie/calendar-api/src/handlers.go:117.2,118.16 2 1
github.com/YoloWingPixie/calendar-api/src/handlers.go:118.16,121.3 2 0
github.com/YoloWingPixie/calendar-api/src/handlers.go:124.2,124.59 1 1
github.com/YoloWingPixie/calendar-api/src/handlers.go:124.59,127.3 2 1
github.com/YoloWingPixie/calendar-api/src/handlers.go:130.2,137.45 2 1
github.com/YoloWingPixie/calendar-api/src/handlers.go:137.45,140.3 2 0
github.com/YoloWingPixie/calendar-api/src/handlers.go:143.2,146.46 3 1
github.com/YoloWingPixie/calendar-api/src/handlers.go:150.76,152.15 2 1
github.com/YoloWingPixie/calendar-api/src/handlers.go:152.15,154.3 1 1
github.com/YoloWingPixie/calendar-api/src/handlers.go:156.2,160.61 4 1
github.com/YoloWingPixie/calendar-api/src/handlers.go:160.61,163.3 2 0
github.com/YoloWingPixie/calendar-api/src/handlers.go:166.2,166.48 1 1
github.com/YoloWingPixie/calendar-api/src/handlers.go:166.48,169.3 2 0
github.com/YoloWingPixie/calendar-api/src/handlers.go:172.2,173.28 2 1
github.com/YoloWingPixie/calendar-api/src/handlers.go:173.28,176.3 2 1
github.com/YoloWingPixie/calendar-api/src/handlers.go:179.2,180.16 2 1
github.com/YoloWingPixie/calendar-api/src/handlers.go:180.16,183.3 2 0
github.com/YoloWingPixie/calendar-api/src/handlers.go:184.2,184.21 1 1
github.com/YoloWingPixie/calendar-api/src/handlers.go:184.21,187.3 2 1
github.com/YoloWingPixie/calendar-api/src/handlers.go:190.2,191.16 2 1
github.com/YoloWingPixie/calendar-api/src/handlers.go:191.16,194.3 2 0
github.com/YoloWingPixie/calendar-api/src/handlers.go:196.2,197.16 2 1
github.com/YoloWingPixie/calendar-api/src/handlers.go:197.16,200.3 2 0
github.com/YoloWingPixie/calendar-api/src/handlers.go:203.2,203.59 1 1
github.com/YoloWingPixie/calendar-api/src/handlers.go:203.59,206.3 2 0
github.com/YoloWingPixie/calendar-api/src/handlers.go:209.2,218.61 2 1
github.com/YoloWingPixie/calendar-api/src/handlers.go:218.61,219.33 1 0
github.com/YoloWingPixie/calendar-api/src/handlers.go:219.33,222.4 2 0
github.com/YoloWingPixie/calendar-api/src/handlers.go:223.3,224.9 2 0
github.com/YoloWingPixie/calendar-api/src/handlers.go:228.2,229.16 2 1
github.com/YoloWingPixie/calendar-api/src/handlers.go:229.16,232.3 2 0
github.com/YoloWingPixie/calendar-api/src/handlers.go:234.2,234.43 1 1
github.com/YoloWingPixie/calendar-api/src/handlers.go:238.76,240.15 2 1
github.com/YoloWingPixie/calendar-api/src/handlers.go:240.15,242.3 1 1
github.com/YoloWingPixie/calendar-api/src/handlers.go:244.2,247.42 3 1
github.com/YoloWingPixie/calendar-api/src/handlers.go:247.42,248.27 1 1
github.com/YoloWingPixie/calendar-api/src/handlers.go:248.27,251.4 2 1
github.com/YoloWingPixie/calendar-api/src/handlers.go:252.3,253.9 2 0
github.com/YoloWingPixie/calendar-api/src/handlers.go:257.2,260.37 3 1
github.com/YoloWingPixie/calendar-api/src/handlers.go:264.76,269.38 3 0
github.com/YoloWingPixie/calendar-api/src/handlers.go:269.38,272.3 2 0
github.com/YoloWingPixie/calendar-api/src/handlers.go:274.2,281.27 3 0
github.com/YoloWingPixie/calendar-api/src/handlers.go:281.27,283.3 1 0
github.com/YoloWingPixie/calendar-api/src/handlers.go:285.2,285.41 1 0
github.com/YoloWingPixie/calendar-api/src/handlers.go:289.77,297.2 2 0
github.com/YoloWingPixie/calendar-api/src/handlers.go:301.90,304.56 3 1
github.com/YoloWingPixie/calendar-api/src/handlers.go:304.56,306.3 1 0
github.com/YoloWingPixie/calendar-api/src/handlers.go:309.98,316.2 2 1
github.com/YoloWingPixie/calendar-api/src/handlers.go:318.82,325.66 2 1
github.com/YoloWingPixie/calendar-api/src/handlers.go:325.66,326.38 1 1
github.com/YoloWingPixie/calendar-api/src/handlers.go:326.38,328.4 1 1
github.com/YoloWingPixie/calendar-api/src/handlers.go:331.2,331.52 1 1
github.com/YoloWingPixie/calendar-api/src/main.go:23.13,36.16 11 1
github.com/YoloWingPixie/calendar-api/src/main.go:36.16,38.3 1 0
github.com/YoloWingPixie/calendar-api/src/main.go:39.2,39.15 1 1
github.com/YoloWingPixie/calendar-api/src/main.go:39.15,41.3 1 1
github.com/YoloWingPixie/calendar-api/src/main.go:44.13,49.40 3 0
github.com/YoloWingPixie/calendar-api/src/main.go:49.40,51.3 1 0
github.com/YoloWingPixie/calendar-api/src/main.go:54.2,55.16 2 0
github.com/YoloWingPixie/calendar-api/src/main.go:55.16,57.3 1 0
github.com/YoloWingPixie/calendar-api/src/main.go:60.2,61.16 2 0
github.com/YoloWingPixie/calendar-api/src/main.go:61.16,63.3 1 0
github.com/YoloWingPixie/calendar-api/src/main.go:64.2,70.57 3 0
github.com/YoloWingPixie/calendar-api/src/main.go:70.57,72.3 1 0
github.com/YoloWingPixie/calendar-api/src/main.go:75.2,82.61 4 0
github.com/YoloWingPixie/calendar-api/src/main.go:82.61,84.3 1 0
github.com/YoloWingPixie/calendar-api/src/main.go:87.2,124.12 18 0
github.com/YoloWingPixie/calendar-api/src/main.go:124.12,126.37 2 0
github.com/YoloWingPixie/calendar-api/src/main.go:126.37,128.4 1 0
github.com/YoloWingPixie/calendar-api/src/main.go:129.3,131.77 2 0
github.com/YoloWingPixie/calendar-api/src/main.go:131.77,133.4 1 0
github.com/YoloWingPixie/calendar-api/src/main.go:137.2,146.42 7 0
github.com/YoloWingPixie/calendar-api/src/main.go:146.42,148.3 1 0
github.com/YoloWingPixie/calendar-api/src/main.go:150.2,150.30 1 0
github.com/YoloWingPixie/calendar-api/src/main.go:154.56,155.71 1 1
github.com/YoloWingPixie/calendar-api/src/main.go:155.71,178.3 7 1
github.com/YoloWingPixie/calendar-api/src/main.go:181.53,182.71 1 0
github.com/YoloWingPixie/calendar-api/src/main.go:182.71,187.28 4 0
github.com/YoloWingPixie/calendar-api/src/main.go:187.28,190.4 2 0
github.com/YoloWingPixie/calendar-api/src/main.go:192.3,192.23 1 0
github.com/YoloWingPixie/calendar-api/src/metrics.go:89.56,90.71 1 1
github.com/YoloWingPixie/calendar-api/src/metrics.go:90.71,107.3 8 1
github.com/YoloWingPixie/calendar-api/src/metrics.go:111.73,114.2 2 1
github.com/YoloWingPixie/calendar-api/src/metrics.go:117.28,122.2 4 1
github.com/YoloWingPixie/calendar-api/src/middleware.go:11.49,14.2 2 1
github.com/YoloWingPixie/calendar-api/src/migrations.go:27.52,29.2 1 0
github.com/YoloWingPixie/calendar-api/src/migrations.go:32.56,101.2 1 0
github.com/YoloWingPixie/calendar-api/src/migrations.go:104.50,108.26 3 0
github.com/YoloWingPixie/calendar-api/src/migrations.go:108.26,111.3 2 0
github.com/YoloWingPixie/calendar-api/src/migrations.go:114.2,114.45 1 0
github.com/YoloWingPixie/calendar-api/src/migrations.go:114.45,116.3 1 0
github.com/YoloWingPixie/calendar-api/src/migrations.go:119.2,120.16 2 0
github.com/YoloWingPixie/calendar-api/src/migrations.go:120.16,122.3 1 0
github.com/YoloWingPixie/calendar-api/src/migrations.go:124.2,127.39 3 0
github.com/YoloWingPixie/calendar-api/src/migrations.go:127.39,128.67 1 0
github.com/YoloWingPixie/calendar-api/src/migrations.go:128.67,130.54 2 0
github.com/YoloWingPixie/calendar-api/src/migrations.go:130.54,132.5 1 0
github.com/YoloWingPixie/calendar-api/src/migrations.go:133.9,135.4 1 0
github.com/YoloWingPixie/calendar-api/src/migrations.go:138.2,138.23 1 0
github.com/YoloWingPixie/calendar-api/src/migrations.go:138.23,140.3 1 0
github.com/YoloWingPixie/calendar-api/src/migrations.go:140.8,142.3 1 0
github.com/YoloWingPixie/calendar-api/src/migrations.go:144.2,144.12 1 0
github.com/YoloWingPixie/calendar-api/src/migrations.go:148.76,151.109 2 0
github.com/YoloWingPixie/calendar-api/src/migrations.go:151.109,153.3 1 0
github.com/YoloWingPixie/calendar-api/src/migrations.go:155.2,162.16 3 0
github.com/YoloWingPixie/calendar-api/src/migrations.go:162.16,164.3 1 0
github.com/YoloWingPixie/calendar-api/src/migrations.go:165.2,168.18 3 0
github.com/YoloWingPixie/calendar-api/src/migrations.go:168.18,172.71 3 0
github.com/YoloWingPixie/calendar-api/src/migrations.go:172.71,174.4 1 0
github.com/YoloWingPixie/calendar-api/src/migrations.go:176.3,177.109 2 0
github.com/YoloWingPixie/calendar-api/src/migrations.go:180.2,180.21 1 0
github.com/YoloWingPixie/calendar-api/src/migrations.go:184.70,189.16 3 0
github.com/YoloWingPixie/calendar-api/src/migrations.go:189.16,191.3 1 0
github.com/YoloWingPixie/calendar-api/src/migrations.go:192.2,192.15 1 0
github.com/YoloWingPixie/calendar-api/src/migrations.go:192.15,193.63 1 0
github.com/YoloWingPixie/calendar-api/src/migrations.go:193.63,195.4 1 0
github.com/YoloWingPixie/calendar-api/src/migrations.go:199.2,200.102 2 0
github.com/YoloWingPixie/calendar-api/src/migrations.go:200.102,202.3 1 0
github.com/YoloWingPixie/calendar-api/src/migrations.go:203.2,206.32 2 0
github.com/YoloWingPixie/calendar-api/src/migrations.go:206.32,215.99 3 0
github.com/YoloWingPixie/calendar-api/src/migrations.go:215.99,217.4 1 0
github.com/YoloWingPixie/calendar-api/src/migrations.go:221.2,221.36 1 0
github.com/YoloWingPixie/calendar-api/src/migrations.go:221.36,223.3 1 0
github.com/YoloWingPixie/calendar-api/src/migrations.go:225.2,226.12 2 0
github.com/YoloWingPixie/calendar-api/src/migrations.go:230.79,235.25 3 0
github.com/YoloWingPixie/calendar-api/src/migrations.go:235.25,237.3 1 0
github.com/YoloWingPixie/calendar-api/src/migrations.go:238.2,240.42 2 0
github.com/YoloWingPixie/calendar-api/src/migrations.go:240.42,243.3 2 0
github.com/YoloWingPixie/calendar-api/src/migrations.go:245.2,245.12 1 0
github.com/YoloWingPixie/calendar-api/src/migrations.go:249.95,254.25 3 0
github.com/YoloWingPixie/calendar-api/src/migrations.go:254.25,256.3 1 0
github.com/YoloWingPixie/calendar-api/src/migrations.go:257.2,259.40 2 0
github.com/YoloWingPixie/calendar-api/src/migrations.go:259.40,262.3 2 0
github.com/YoloWingPixie/calendar-api/src/migrations.go:264.2,264.12 1 0
github.com/YoloWingPixie/calendar-api/src/migrations.go:268.65,271.2 1 0
github.com/YoloWingPixie/calendar-api/src/migrations.go:274.70,277.16 3 0
github.com/YoloWingPixie/calendar-api/src/migrations.go:277.16,279.3 1 0
github.com/YoloWingPixie/calendar-api/src/migrations.go:282.2,282.28 1 0
github.com/YoloWingPixie/calendar-api/src/migrations.go:282.28,283.70 1 0
github.com/YoloWingPixie/calendar-api/src/migrations.go:283.70,285.4 1 0
github.com/YoloWingPixie/calendar-api/src/migrations.go:288.2,288.24 1 0
github.com/YoloWingPixie/calendar-api/src/migrations.go:292.57,297.16 4 0
github.com/YoloWingPixie/calendar-api/src/migrations.go:297.16,299.3 1 0
github.com/YoloWingPixie/calendar-api/src/migrations.go:301.2,301.39 1 0
github.com/YoloWingPixie/calendar-api/src/migrations.go:301.39,303.24 2 0
github.com/YoloWingPixie/calendar-api/src/migrations.go:303.24,305.4 1 0
github.com/YoloWingPixie/calendar-api/src/migrations.go:307.3,307.79 1 0
github.com/YoloWingPixie/calendar-api/src/migrations.go:310.2,311.31 2 0
github.com/YoloWingPixie/calendar-api/src/migrations.go:311.31,312.16 1 0
github.com/YoloWingPixie/calendar-api/src/migrations.go:312.16,314.4 1 0
github.com/YoloWingPixie/calendar-api/src/migrations.go:317.2,320.12 3 0
github.com/YoloWingPixie/calendar-api/src/repository.go:27.50,29.2 1 0
github.com/YoloWingPixie/calendar-api/src/repository.go:32.51,40.16 3 0
github.com/YoloWingPixie/calendar-api/src/repository.go:40.16,42.3 1 0
github.com/YoloWingPixie/calendar-api/src/repository.go:43.2,46.18 3 0
github.com/YoloWingPixie/calendar-api/src/repository.go:46.18,57.17 3 0
github.com/YoloWingPixie/calendar-api/src/repository.go:57.17,59.4 1 0
github.com/YoloWingPixie/calendar-api/src/repository.go:60.3,60.33 1 0
github.com/YoloWingPixie/calendar-api/src/repository.go:63.2,63.35 1 0
github.com/YoloWingPixie/calendar-api/src/repository.go:63.35,65.3 1 0
github.com/YoloWingPixie/calendar-api/src/repository.go:67.2,67.20 1 0
github.com/YoloWingPixie/calendar-api/src/repository.go:71.58,89.26 4 0
github.com/YoloWingPixie/calendar-api/src/repository.go:89.26,91.3 1 0
github.com/YoloWingPixie/calendar-api/src/repository.go:92.2,92.16 1 0
github.com/YoloWingPixie/calendar-api/src/repository.go:92.16,94.3 1 0
github.com/YoloWingPixie/calendar-api/src/repository.go:96.2,96.20 1 0
github.com/YoloWingPixie/calendar-api/src/repository.go:100.54,121.16 6 0
github.com/YoloWingPixie/calendar-api/src/repository.go:121.16,123.3 1 0
github.com/YoloWingPixie/calendar-api/src/repository.go:125.2,125.12 1 0
github.com/YoloWingPixie/calendar-api/src/repository.go:129.65,148.16 4 0
github.com/YoloWingPixie/calendar-api/src/repository.go:148.16,150.3 1 0
github.com/YoloWingPixie/calendar-api/src/repository.go:152.2,153.16 2 0
github.com/YoloWingPixie/calendar-api/src/repository.go:153.16,155.3 1 0
github.com/YoloWingPixie/calendar-api/src/repository.go:157.2,157.23 1 0
github.com/YoloWingPixie/calendar-api/src/repository.go:157.23,159.3 1 0
github.com/YoloWingPixie/calendar-api/src/repository.go:161.2,161.12 1 0
github.com/YoloWingPixie/calendar-api/src/repository.go:165.51,169.16 3 0
github.com/YoloWingPixie/calendar-api/src/repository.go:169.16,171.3 1 0
github.com/YoloWingPixie/calendar-api/src/repository.go:173.2,174.16 2 0
github.com/YoloWingPixie/calendar-api/src/repository.go:174.16,176.3 1 0
github.com/YoloWingPixie/calendar-api/src/repository.go:178.2,178.23 1 0
github.com/YoloWingPixie/calendar-api/src/repository.go:178.23,180.3 1 0
github.com/YoloWingPixie/calendar-api/src/repository.go:182.2,182.12 1 0
github.com/YoloWingPixie/calendar-api/src/repository.go:186.40,188.2 1 0
github.com/YoloWingPixie/calendar-api/src/version.go:17.30,20.2 1 0
github.com/YoloWingPixie/calendar-api/src/version.go:23.26,25.2 1 0
