mode: set
github.com/yourusername/calendar-api/tests/test_helpers.go:13.31,16.16 2 1
github.com/yourusername/calendar-api/tests/test_helpers.go:16.16,18.3 1 1
github.com/yourusername/calendar-api/tests/test_helpers.go:20.2,21.16 2 1
github.com/yourusername/calendar-api/tests/test_helpers.go:21.16,23.3 1 1
github.com/yourusername/calendar-api/tests/test_helpers.go:25.2,26.16 2 1
github.com/yourusername/calendar-api/tests/test_helpers.go:26.16,28.3 1 1
github.com/yourusername/calendar-api/tests/test_helpers.go:30.2,31.20 2 1
github.com/yourusername/calendar-api/tests/test_helpers.go:31.20,33.3 1 1
github.com/yourusername/calendar-api/tests/test_helpers.go:35.2,36.18 2 1
github.com/yourusername/calendar-api/tests/test_helpers.go:36.18,38.3 1 1
github.com/yourusername/calendar-api/tests/test_helpers.go:40.2,41.19 2 1
github.com/yourusername/calendar-api/tests/test_helpers.go:41.19,43.3 1 1
github.com/yourusername/calendar-api/tests/test_helpers.go:46.2,51.16 3 1
github.com/yourusername/calendar-api/tests/test_helpers.go:51.16,53.3 1 0
github.com/yourusername/calendar-api/tests/test_helpers.go:56.2,61.34 4 1
github.com/yourusername/calendar-api/tests/test_helpers.go:61.34,63.3 1 0
github.com/yourusername/calendar-api/tests/test_helpers.go:65.2,65.21 1 1
github.com/yourusername/calendar-api/tests/test_helpers.go:69.34,71.57 1 1
github.com/yourusername/calendar-api/tests/test_helpers.go:71.57,73.3 1 0
github.com/yourusername/calendar-api/tests/test_helpers.go:76.2,76.56 1 1
github.com/yourusername/calendar-api/tests/test_helpers.go:76.56,78.3 1 0
github.com/yourusername/calendar-api/tests/test_helpers.go:80.2,80.12 1 1
github.com/yourusername/calendar-api/tests/types.go:73.50,75.2 1 1
github.com/yourusername/calendar-api/tests/types.go:78.51,86.16 3 1
github.com/yourusername/calendar-api/tests/types.go:86.16,88.3 1 0
github.com/yourusername/calendar-api/tests/types.go:89.2,92.18 3 1
github.com/yourusername/calendar-api/tests/types.go:92.18,103.17 3 0
github.com/yourusername/calendar-api/tests/types.go:103.17,105.4 1 0
github.com/yourusername/calendar-api/tests/types.go:106.3,106.33 1 0
github.com/yourusername/calendar-api/tests/types.go:109.2,109.35 1 1
github.com/yourusername/calendar-api/tests/types.go:109.35,111.3 1 0
github.com/yourusername/calendar-api/tests/types.go:113.2,113.20 1 1
github.com/yourusername/calendar-api/tests/types.go:117.58,135.26 4 0
github.com/yourusername/calendar-api/tests/types.go:135.26,137.3 1 0
github.com/yourusername/calendar-api/tests/types.go:138.2,138.16 1 0
github.com/yourusername/calendar-api/tests/types.go:138.16,140.3 1 0
github.com/yourusername/calendar-api/tests/types.go:142.2,142.20 1 0
github.com/yourusername/calendar-api/tests/types.go:146.54,167.16 6 0
github.com/yourusername/calendar-api/tests/types.go:167.16,169.3 1 0
github.com/yourusername/calendar-api/tests/types.go:171.2,171.12 1 0
github.com/yourusername/calendar-api/tests/types.go:175.40,177.2 1 1
github.com/yourusername/calendar-api/tests/types.go:180.41,183.2 2 1
github.com/yourusername/calendar-api/tests/types.go:191.52,193.2 1 1
github.com/yourusername/calendar-api/tests/types.go:196.50,223.16 3 1
github.com/yourusername/calendar-api/tests/types.go:223.16,225.3 1 0
github.com/yourusername/calendar-api/tests/types.go:227.2,227.12 1 1
github.com/yourusername/calendar-api/tests/types.go:231.29,233.2 1 1
github.com/yourusername/calendar-api/tests/types.go:242.59,247.2 1 1
github.com/yourusername/calendar-api/tests/types.go:250.76,255.38 3 1
github.com/yourusername/calendar-api/tests/types.go:255.38,258.3 2 0
github.com/yourusername/calendar-api/tests/types.go:260.2,267.27 3 1
github.com/yourusername/calendar-api/tests/types.go:267.27,269.3 1 0
github.com/yourusername/calendar-api/tests/types.go:271.2,271.39 1 1
github.com/yourusername/calendar-api/tests/types.go:275.75,277.16 2 1
github.com/yourusername/calendar-api/tests/types.go:277.16,280.3 2 0
github.com/yourusername/calendar-api/tests/types.go:282.2,287.42 2 1
github.com/yourusername/calendar-api/tests/types.go:291.72,294.56 3 1
github.com/yourusername/calendar-api/tests/types.go:294.56,296.3 1 0
github.com/yourusername/calendar-api/tests/types.go:299.80,306.2 2 0
github.com/yourusername/calendar-api/src/auth.go:30.48,32.2 1 1
github.com/yourusername/calendar-api/src/auth.go:35.68,51.26 4 1
github.com/yourusername/calendar-api/src/auth.go:51.26,53.3 1 1
github.com/yourusername/calendar-api/src/auth.go:54.2,54.16 1 0
github.com/yourusername/calendar-api/src/auth.go:54.16,56.3 1 0
github.com/yourusername/calendar-api/src/auth.go:58.2,58.19 1 0
github.com/yourusername/calendar-api/src/auth.go:62.72,78.26 4 1
github.com/yourusername/calendar-api/src/auth.go:78.26,80.3 1 1
github.com/yourusername/calendar-api/src/auth.go:81.2,81.16 1 0
github.com/yourusername/calendar-api/src/auth.go:81.16,83.3 1 0
github.com/yourusername/calendar-api/src/auth.go:85.2,85.19 1 0
github.com/yourusername/calendar-api/src/auth.go:89.51,108.16 6 1
github.com/yourusername/calendar-api/src/auth.go:108.16,110.3 1 0
github.com/yourusername/calendar-api/src/auth.go:112.2,112.12 1 1
github.com/yourusername/calendar-api/src/auth.go:122.82,127.2 1 1
github.com/yourusername/calendar-api/src/auth.go:130.72,131.71 1 1
github.com/yourusername/calendar-api/src/auth.go:131.71,133.19 2 1
github.com/yourusername/calendar-api/src/auth.go:133.19,137.4 3 1
github.com/yourusername/calendar-api/src/auth.go:140.3,140.79 1 1
github.com/yourusername/calendar-api/src/auth.go:140.79,151.4 5 1
github.com/yourusername/calendar-api/src/auth.go:154.3,155.17 2 1
github.com/yourusername/calendar-api/src/auth.go:155.17,159.4 3 0
github.com/yourusername/calendar-api/src/auth.go:161.3,161.18 1 1
github.com/yourusername/calendar-api/src/auth.go:161.18,165.4 3 1
github.com/yourusername/calendar-api/src/auth.go:167.3,171.23 3 0
github.com/yourusername/calendar-api/src/auth.go:176.54,177.38 1 1
github.com/yourusername/calendar-api/src/auth.go:177.38,180.3 2 0
github.com/yourusername/calendar-api/src/auth.go:182.2,186.16 3 1
github.com/yourusername/calendar-api/src/auth.go:186.16,188.3 1 0
github.com/yourusername/calendar-api/src/auth.go:190.2,190.25 1 1
github.com/yourusername/calendar-api/src/auth.go:190.25,192.56 1 0
github.com/yourusername/calendar-api/src/auth.go:192.56,196.4 1 0
github.com/yourusername/calendar-api/src/auth.go:197.3,198.13 2 0
github.com/yourusername/calendar-api/src/auth.go:202.2,207.53 2 1
github.com/yourusername/calendar-api/src/auth.go:207.53,209.3 1 0
github.com/yourusername/calendar-api/src/auth.go:211.2,212.12 2 1
github.com/yourusername/calendar-api/src/auth.go:222.64,224.2 1 1
github.com/yourusername/calendar-api/src/auth.go:227.49,230.2 2 0
github.com/yourusername/calendar-api/src/auth.go:233.80,240.2 2 1
github.com/yourusername/calendar-api/src/auth.go:243.72,246.56 3 1
github.com/yourusername/calendar-api/src/auth.go:246.56,248.3 1 0
github.com/yourusername/calendar-api/src/config.go:36.36,40.56 2 0
github.com/yourusername/calendar-api/src/config.go:40.56,42.3 1 0
github.com/yourusername/calendar-api/src/config.go:45.2,48.42 2 0
github.com/yourusername/calendar-api/src/config.go:48.42,50.3 1 0
github.com/yourusername/calendar-api/src/config.go:53.2,55.20 2 0
github.com/yourusername/calendar-api/src/config.go:59.49,61.23 2 0
github.com/yourusername/calendar-api/src/config.go:61.23,63.3 1 0
github.com/yourusername/calendar-api/src/config.go:65.2,68.70 3 0
github.com/yourusername/calendar-api/src/config.go:68.70,70.3 1 0
github.com/yourusername/calendar-api/src/config.go:73.2,94.12 17 0
github.com/yourusername/calendar-api/src/config.go:98.32,102.18 2 0
github.com/yourusername/calendar-api/src/config.go:102.18,104.3 1 0
github.com/yourusername/calendar-api/src/config.go:105.2,105.18 1 0
github.com/yourusername/calendar-api/src/config.go:105.18,107.3 1 0
github.com/yourusername/calendar-api/src/config.go:110.2,110.20 1 0
github.com/yourusername/calendar-api/src/config.go:110.20,112.3 1 0
github.com/yourusername/calendar-api/src/config.go:113.2,113.20 1 0
github.com/yourusername/calendar-api/src/config.go:113.20,115.3 1 0
github.com/yourusername/calendar-api/src/config.go:116.2,116.20 1 0
github.com/yourusername/calendar-api/src/config.go:116.20,118.3 1 0
github.com/yourusername/calendar-api/src/config.go:119.2,119.24 1 0
github.com/yourusername/calendar-api/src/config.go:119.24,121.3 1 0
github.com/yourusername/calendar-api/src/config.go:122.2,122.20 1 0
github.com/yourusername/calendar-api/src/config.go:122.20,124.3 1 0
github.com/yourusername/calendar-api/src/config.go:125.2,125.23 1 0
github.com/yourusername/calendar-api/src/config.go:125.23,127.3 1 0
github.com/yourusername/calendar-api/src/config.go:130.2,130.14 1 0
github.com/yourusername/calendar-api/src/config.go:130.14,132.3 1 0
github.com/yourusername/calendar-api/src/config.go:133.2,133.31 1 0
github.com/yourusername/calendar-api/src/config.go:133.31,135.3 1 0
github.com/yourusername/calendar-api/src/config.go:136.2,136.26 1 0
github.com/yourusername/calendar-api/src/config.go:136.26,138.3 1 0
github.com/yourusername/calendar-api/src/config.go:139.2,139.25 1 0
github.com/yourusername/calendar-api/src/config.go:139.25,141.3 1 0
github.com/yourusername/calendar-api/src/config.go:145.35,146.20 1 0
github.com/yourusername/calendar-api/src/config.go:146.20,148.3 1 0
github.com/yourusername/calendar-api/src/config.go:149.2,149.20 1 0
github.com/yourusername/calendar-api/src/config.go:149.20,151.3 1 0
github.com/yourusername/calendar-api/src/config.go:152.2,152.20 1 0
github.com/yourusername/calendar-api/src/config.go:152.20,154.3 1 0
github.com/yourusername/calendar-api/src/config.go:156.2,156.12 1 0
github.com/yourusername/calendar-api/src/config.go:160.30,172.31 11 0
github.com/yourusername/calendar-api/src/config.go:172.31,174.3 1 0
github.com/yourusername/calendar-api/src/config.go:176.2,176.28 1 0
github.com/yourusername/calendar-api/src/config.go:176.28,180.3 3 0
github.com/yourusername/calendar-api/src/config.go:185.92,186.33 1 0
github.com/yourusername/calendar-api/src/config.go:186.33,187.34 1 0
github.com/yourusername/calendar-api/src/config.go:187.34,189.4 1 0
github.com/yourusername/calendar-api/src/config.go:191.2,191.21 1 0
github.com/yourusername/calendar-api/src/config.go:194.93,195.33 1 0
github.com/yourusername/calendar-api/src/config.go:195.33,196.34 1 0
github.com/yourusername/calendar-api/src/config.go:196.34,197.57 1 0
github.com/yourusername/calendar-api/src/config.go:197.57,199.5 1 0
github.com/yourusername/calendar-api/src/config.go:202.2,202.21 1 0
github.com/yourusername/calendar-api/src/config.go:205.46,206.42 1 0
github.com/yourusername/calendar-api/src/config.go:206.42,208.3 1 0
github.com/yourusername/calendar-api/src/config.go:209.2,209.21 1 0
github.com/yourusername/calendar-api/src/database.go:18.41,27.16 4 1
github.com/yourusername/calendar-api/src/database.go:27.16,29.3 1 0
github.com/yourusername/calendar-api/src/database.go:32.2,37.34 4 1
github.com/yourusername/calendar-api/src/database.go:37.34,39.3 1 0
github.com/yourusername/calendar-api/src/database.go:41.2,41.21 1 1
github.com/yourusername/calendar-api/src/database.go:48.29,50.2 1 1
github.com/yourusername/calendar-api/src/handlers.go:20.59,25.2 1 1
github.com/yourusername/calendar-api/src/handlers.go:28.75,30.16 2 1
github.com/yourusername/calendar-api/src/handlers.go:30.16,33.3 2 0
github.com/yourusername/calendar-api/src/handlers.go:35.2,40.44 2 1
github.com/yourusername/calendar-api/src/handlers.go:44.73,49.16 4 1
github.com/yourusername/calendar-api/src/handlers.go:49.16,52.3 2 0
github.com/yourusername/calendar-api/src/handlers.go:54.2,54.18 1 1
github.com/yourusername/calendar-api/src/handlers.go:54.18,57.3 2 1
github.com/yourusername/calendar-api/src/handlers.go:59.2,59.41 1 1
github.com/yourusername/calendar-api/src/handlers.go:63.76,65.61 2 1
github.com/yourusername/calendar-api/src/handlers.go:65.61,68.3 2 0
github.com/yourusername/calendar-api/src/handlers.go:71.2,71.48 1 1
github.com/yourusername/calendar-api/src/handlers.go:71.48,74.3 2 1
github.com/yourusername/calendar-api/src/handlers.go:77.2,78.16 2 1
github.com/yourusername/calendar-api/src/handlers.go:78.16,81.3 2 0
github.com/yourusername/calendar-api/src/handlers.go:83.2,84.16 2 1
github.com/yourusername/calendar-api/src/handlers.go:84.16,87.3 2 0
github.com/yourusername/calendar-api/src/handlers.go:90.2,90.59 1 1
github.com/yourusername/calendar-api/src/handlers.go:90.59,93.3 2 1
github.com/yourusername/calendar-api/src/handlers.go:96.2,103.45 2 1
github.com/yourusername/calendar-api/src/handlers.go:103.45,106.3 2 0
github.com/yourusername/calendar-api/src/handlers.go:108.2,108.46 1 1
github.com/yourusername/calendar-api/src/handlers.go:112.76,117.61 4 1
github.com/yourusername/calendar-api/src/handlers.go:117.61,120.3 2 0
github.com/yourusername/calendar-api/src/handlers.go:123.2,123.48 1 1
github.com/yourusername/calendar-api/src/handlers.go:123.48,126.3 2 0
github.com/yourusername/calendar-api/src/handlers.go:129.2,130.16 2 1
github.com/yourusername/calendar-api/src/handlers.go:130.16,133.3 2 0
github.com/yourusername/calendar-api/src/handlers.go:134.2,134.21 1 1
github.com/yourusername/calendar-api/src/handlers.go:134.21,137.3 2 1
github.com/yourusername/calendar-api/src/handlers.go:140.2,141.16 2 1
github.com/yourusername/calendar-api/src/handlers.go:141.16,144.3 2 0
github.com/yourusername/calendar-api/src/handlers.go:146.2,147.16 2 1
github.com/yourusername/calendar-api/src/handlers.go:147.16,150.3 2 0
github.com/yourusername/calendar-api/src/handlers.go:153.2,153.59 1 1
github.com/yourusername/calendar-api/src/handlers.go:153.59,156.3 2 0
github.com/yourusername/calendar-api/src/handlers.go:159.2,168.61 2 1
github.com/yourusername/calendar-api/src/handlers.go:168.61,169.33 1 0
github.com/yourusername/calendar-api/src/handlers.go:169.33,172.4 2 0
github.com/yourusername/calendar-api/src/handlers.go:173.3,174.9 2 0
github.com/yourusername/calendar-api/src/handlers.go:178.2,179.16 2 1
github.com/yourusername/calendar-api/src/handlers.go:179.16,182.3 2 0
github.com/yourusername/calendar-api/src/handlers.go:184.2,184.43 1 1
github.com/yourusername/calendar-api/src/handlers.go:188.76,192.42 3 1
github.com/yourusername/calendar-api/src/handlers.go:192.42,193.27 1 1
github.com/yourusername/calendar-api/src/handlers.go:193.27,196.4 2 1
github.com/yourusername/calendar-api/src/handlers.go:197.3,198.9 2 0
github.com/yourusername/calendar-api/src/handlers.go:201.2,201.37 1 1
github.com/yourusername/calendar-api/src/handlers.go:205.76,210.38 3 0
github.com/yourusername/calendar-api/src/handlers.go:210.38,213.3 2 0
github.com/yourusername/calendar-api/src/handlers.go:215.2,222.27 3 0
github.com/yourusername/calendar-api/src/handlers.go:222.27,224.3 1 0
github.com/yourusername/calendar-api/src/handlers.go:226.2,226.41 1 0
github.com/yourusername/calendar-api/src/handlers.go:230.77,238.2 2 0
github.com/yourusername/calendar-api/src/handlers.go:242.90,245.56 3 1
github.com/yourusername/calendar-api/src/handlers.go:245.56,247.3 1 0
github.com/yourusername/calendar-api/src/handlers.go:250.98,257.2 2 1
github.com/yourusername/calendar-api/src/handlers.go:259.82,266.66 2 1
github.com/yourusername/calendar-api/src/handlers.go:266.66,267.38 1 1
github.com/yourusername/calendar-api/src/handlers.go:267.38,269.4 1 1
github.com/yourusername/calendar-api/src/handlers.go:272.2,272.52 1 1
github.com/yourusername/calendar-api/src/main.go:16.13,21.40 3 0
github.com/yourusername/calendar-api/src/main.go:21.40,23.3 1 0
github.com/yourusername/calendar-api/src/main.go:26.2,27.16 2 0
github.com/yourusername/calendar-api/src/main.go:27.16,29.3 1 0
github.com/yourusername/calendar-api/src/main.go:32.2,33.16 2 0
github.com/yourusername/calendar-api/src/main.go:33.16,35.3 1 0
github.com/yourusername/calendar-api/src/main.go:36.2,42.64 3 0
github.com/yourusername/calendar-api/src/main.go:42.64,44.3 1 0
github.com/yourusername/calendar-api/src/main.go:47.2,47.57 1 0
github.com/yourusername/calendar-api/src/main.go:47.57,49.3 1 0
github.com/yourusername/calendar-api/src/main.go:52.2,59.61 4 0
github.com/yourusername/calendar-api/src/main.go:59.61,61.3 1 0
github.com/yourusername/calendar-api/src/main.go:64.2,97.12 16 0
github.com/yourusername/calendar-api/src/main.go:97.12,99.37 2 0
github.com/yourusername/calendar-api/src/main.go:99.37,101.4 1 0
github.com/yourusername/calendar-api/src/main.go:102.3,104.77 2 0
github.com/yourusername/calendar-api/src/main.go:104.77,106.4 1 0
github.com/yourusername/calendar-api/src/main.go:110.2,119.42 7 0
github.com/yourusername/calendar-api/src/main.go:119.42,121.3 1 0
github.com/yourusername/calendar-api/src/main.go:123.2,123.30 1 0
github.com/yourusername/calendar-api/src/main.go:127.56,128.71 1 0
github.com/yourusername/calendar-api/src/main.go:128.71,132.3 3 0
github.com/yourusername/calendar-api/src/main.go:135.53,136.71 1 0
github.com/yourusername/calendar-api/src/main.go:136.71,141.28 4 0
github.com/yourusername/calendar-api/src/main.go:141.28,144.4 2 0
github.com/yourusername/calendar-api/src/main.go:146.3,146.23 1 0
github.com/yourusername/calendar-api/src/migrations.go:27.52,29.2 1 1
github.com/yourusername/calendar-api/src/migrations.go:32.56,88.2 1 1
github.com/yourusername/calendar-api/src/migrations.go:91.50,95.26 3 1
github.com/yourusername/calendar-api/src/migrations.go:95.26,98.3 2 0
github.com/yourusername/calendar-api/src/migrations.go:101.2,101.45 1 1
github.com/yourusername/calendar-api/src/migrations.go:101.45,103.3 1 1
github.com/yourusername/calendar-api/src/migrations.go:106.2,107.16 2 1
github.com/yourusername/calendar-api/src/migrations.go:107.16,109.3 1 0
github.com/yourusername/calendar-api/src/migrations.go:111.2,114.39 3 1
github.com/yourusername/calendar-api/src/migrations.go:114.39,115.67 1 1
github.com/yourusername/calendar-api/src/migrations.go:115.67,117.54 2 1
github.com/yourusername/calendar-api/src/migrations.go:117.54,119.5 1 0
github.com/yourusername/calendar-api/src/migrations.go:120.9,122.4 1 1
github.com/yourusername/calendar-api/src/migrations.go:125.2,125.23 1 1
github.com/yourusername/calendar-api/src/migrations.go:125.23,127.3 1 0
github.com/yourusername/calendar-api/src/migrations.go:127.8,129.3 1 1
github.com/yourusername/calendar-api/src/migrations.go:131.2,131.12 1 1
github.com/yourusername/calendar-api/src/migrations.go:135.76,138.109 2 1
github.com/yourusername/calendar-api/src/migrations.go:138.109,140.3 1 0
github.com/yourusername/calendar-api/src/migrations.go:142.2,149.16 3 1
github.com/yourusername/calendar-api/src/migrations.go:149.16,151.3 1 0
github.com/yourusername/calendar-api/src/migrations.go:152.2,155.18 3 1
github.com/yourusername/calendar-api/src/migrations.go:155.18,159.71 3 1
github.com/yourusername/calendar-api/src/migrations.go:159.71,161.4 1 0
github.com/yourusername/calendar-api/src/migrations.go:163.3,164.109 2 1
github.com/yourusername/calendar-api/src/migrations.go:167.2,167.21 1 1
github.com/yourusername/calendar-api/src/migrations.go:171.70,176.16 3 1
github.com/yourusername/calendar-api/src/migrations.go:176.16,178.3 1 0
github.com/yourusername/calendar-api/src/migrations.go:179.2,179.15 1 1
github.com/yourusername/calendar-api/src/migrations.go:179.15,180.63 1 1
github.com/yourusername/calendar-api/src/migrations.go:180.63,182.4 1 0
github.com/yourusername/calendar-api/src/migrations.go:186.2,187.102 2 1
github.com/yourusername/calendar-api/src/migrations.go:187.102,189.3 1 0
github.com/yourusername/calendar-api/src/migrations.go:190.2,193.32 2 1
github.com/yourusername/calendar-api/src/migrations.go:193.32,202.99 3 0
github.com/yourusername/calendar-api/src/migrations.go:202.99,204.4 1 0
github.com/yourusername/calendar-api/src/migrations.go:208.2,208.36 1 1
github.com/yourusername/calendar-api/src/migrations.go:208.36,210.3 1 0
github.com/yourusername/calendar-api/src/migrations.go:212.2,213.12 2 1
github.com/yourusername/calendar-api/src/migrations.go:217.79,222.25 3 1
github.com/yourusername/calendar-api/src/migrations.go:222.25,224.3 1 1
github.com/yourusername/calendar-api/src/migrations.go:225.2,227.42 2 1
github.com/yourusername/calendar-api/src/migrations.go:227.42,230.3 2 0
github.com/yourusername/calendar-api/src/migrations.go:232.2,232.12 1 1
github.com/yourusername/calendar-api/src/migrations.go:236.95,241.25 3 1
github.com/yourusername/calendar-api/src/migrations.go:241.25,243.3 1 1
github.com/yourusername/calendar-api/src/migrations.go:244.2,246.40 2 1
github.com/yourusername/calendar-api/src/migrations.go:246.40,249.3 2 0
github.com/yourusername/calendar-api/src/migrations.go:251.2,251.12 1 1
github.com/yourusername/calendar-api/src/migrations.go:255.65,258.2 1 0
github.com/yourusername/calendar-api/src/migrations.go:261.70,264.16 3 0
github.com/yourusername/calendar-api/src/migrations.go:264.16,266.3 1 0
github.com/yourusername/calendar-api/src/migrations.go:269.2,269.28 1 0
github.com/yourusername/calendar-api/src/migrations.go:269.28,270.70 1 0
github.com/yourusername/calendar-api/src/migrations.go:270.70,272.4 1 0
github.com/yourusername/calendar-api/src/migrations.go:275.2,275.24 1 0
github.com/yourusername/calendar-api/src/migrations.go:279.57,284.16 4 0
github.com/yourusername/calendar-api/src/migrations.go:284.16,286.3 1 0
github.com/yourusername/calendar-api/src/migrations.go:288.2,288.39 1 0
github.com/yourusername/calendar-api/src/migrations.go:288.39,290.24 2 0
github.com/yourusername/calendar-api/src/migrations.go:290.24,292.4 1 0
github.com/yourusername/calendar-api/src/migrations.go:294.3,294.79 1 0
github.com/yourusername/calendar-api/src/migrations.go:297.2,298.31 2 0
github.com/yourusername/calendar-api/src/migrations.go:298.31,299.16 1 0
github.com/yourusername/calendar-api/src/migrations.go:299.16,301.4 1 0
github.com/yourusername/calendar-api/src/migrations.go:304.2,307.12 3 0
github.com/yourusername/calendar-api/src/repository.go:17.50,19.2 1 1
github.com/yourusername/calendar-api/src/repository.go:22.51,30.16 3 1
github.com/yourusername/calendar-api/src/repository.go:30.16,32.3 1 0
github.com/yourusername/calendar-api/src/repository.go:33.2,36.18 3 1
github.com/yourusername/calendar-api/src/repository.go:36.18,47.17 3 1
github.com/yourusername/calendar-api/src/repository.go:47.17,49.4 1 0
github.com/yourusername/calendar-api/src/repository.go:50.3,50.33 1 1
github.com/yourusername/calendar-api/src/repository.go:53.2,53.35 1 1
github.com/yourusername/calendar-api/src/repository.go:53.35,55.3 1 0
github.com/yourusername/calendar-api/src/repository.go:57.2,57.20 1 1
github.com/yourusername/calendar-api/src/repository.go:61.58,79.26 4 1
github.com/yourusername/calendar-api/src/repository.go:79.26,81.3 1 1
github.com/yourusername/calendar-api/src/repository.go:82.2,82.16 1 1
github.com/yourusername/calendar-api/src/repository.go:82.16,84.3 1 0
github.com/yourusername/calendar-api/src/repository.go:86.2,86.20 1 1
github.com/yourusername/calendar-api/src/repository.go:90.54,111.16 6 1
github.com/yourusername/calendar-api/src/repository.go:111.16,113.3 1 0
github.com/yourusername/calendar-api/src/repository.go:115.2,115.12 1 1
github.com/yourusername/calendar-api/src/repository.go:119.65,138.16 4 1
github.com/yourusername/calendar-api/src/repository.go:138.16,140.3 1 0
github.com/yourusername/calendar-api/src/repository.go:142.2,143.16 2 1
github.com/yourusername/calendar-api/src/repository.go:143.16,145.3 1 0
github.com/yourusername/calendar-api/src/repository.go:147.2,147.23 1 1
github.com/yourusername/calendar-api/src/repository.go:147.23,149.3 1 0
github.com/yourusername/calendar-api/src/repository.go:151.2,151.12 1 1
github.com/yourusername/calendar-api/src/repository.go:155.51,159.16 3 1
github.com/yourusername/calendar-api/src/repository.go:159.16,161.3 1 0
github.com/yourusername/calendar-api/src/repository.go:163.2,164.16 2 1
github.com/yourusername/calendar-api/src/repository.go:164.16,166.3 1 0
github.com/yourusername/calendar-api/src/repository.go:168.2,168.23 1 1
github.com/yourusername/calendar-api/src/repository.go:168.23,170.3 1 1
github.com/yourusername/calendar-api/src/repository.go:172.2,172.12 1 1
github.com/yourusername/calendar-api/src/repository.go:176.40,178.2 1 0
github.com/yourusername/calendar-api/src/version.go:17.30,20.2 1 0
github.com/yourusername/calendar-api/src/version.go:23.26,25.2 1 0
